[33mwarn[39m: [33mUNCAUGHT EXCEPTION "Error: Oops! Exception origin: uncaughtException"[39m
[31merror[39m: [31mUNCAUGHT EXCEPTION "Error: Oops! Exception origin: uncaughtException"[39m
[31merror[39m: [31mUNCAUGHT EXCEPTION "Error: Oops! Exception origin: uncaughtException"[39m
[31merror[39m: [31mUNCAUGHT EXCEPTION "Error: Oops! Exception origin: uncaughtException"[39m
[31merror[39m: [31mUNCAUGHT EXCEPTION "Error: Oops! Exception origin: uncaughtException"[39m
{"level":"error","message":"UNCAUGHT EXCEPTION \"Error: Oops! Exception origin: uncaughtException\""}
{"level":"error","message":"UNCAUGHT EXCEPTION \"Error: Oops! Exception origin: uncaughtException\""}
{"level":"error","message":"UNCAUGHT EXCEPTION \"Error: Oops! Exception origin: uncaughtException\""}
error: UNCAUGHT EXCEPTION "Error: Oops! Exception origin: uncaughtException"
info: UNCAUGHT EXCEPTION
info: UNCAUGHT EXCEPTION
info: UNCAUGHT EXCEPTION
info: UNCAUGHT EXCEPTION
info: UNCAUGHT EXCEPTION
info: UNCAUGHT EXCEPTION
info: UNCAUGHT EXCEPTION
info: UNCAUGHT EXCEPTION
[32minfo[39m: [32mUNCAUGHT EXCEPTION[39m
[31merror[39m: [31mUNCAUGHT EXCEPTION: Error: Oops! Exception origin: uncaughtException[39m
[31merror[39m: [31mUNCAUGHT EXCEPTION: "Error: Oops! Exception origin: uncaughtException"[39m
[31merror[39m: [31mUNCAUGHT EXCEPTION: "Error: Oops! Exception origin: uncaughtException"[39m
[31merror[39m: [31mUNCAUGHT EXCEPTION: "Error: Oops! Exception origin: uncaughtException"[39m
[32minfo[39m: [32mUNCAUGHT EXCEPTION[39m
[32minfo[39m: [32mUNCAUGHT EXCEPTION[39m
[32minfo[39m: [32mUNCAUGHT EXCEPTION[39m
[32minfo[39m: [32mUNCAUGHT EXCEPTION[39m
[32minfo[39m: [32mUNCAUGHT EXCEPTION[39m
[32minfo[39m: [32mUNCAUGHT EXCEPTION[39m
[32minfo[39m: [32mUNCAUGHT EXCEPTION[39m
[32minfo: UNCAUGHT EXCEPTION[39m
info: UNCAUGHT EXCEPTION
error: UNCAUGHT EXCEPTION: "Error: Oops! Exception origin: uncaughtException"
error: UNCAUGHT EXCEPTION: "Error: Oops! Exception origin: uncaughtException"
error: UNCAUGHT EXCEPTION: "Error: Oops! Exception origin: uncaughtException"
error: UNHANDLED REJECTION: : "Error: Oops!"
error: UNHANDLED REJECTION: : "Error: Oops!"
error: UNHANDLED REJECTION: : "Error: Oops!"
error: UNHANDLED REJECTION: : "Error: Oops!"
error: UNHANDLED REJECTION: : "Error: Oops!"
error: UNHANDLED REJECTION: : "TypeError: logger.requestInfo is not a function"
error: UNHANDLED REJECTION: : "TypeError: logger.requestInfo is not a function"
error: UNHANDLED REJECTION: : "TypeError: logger.requestInfo is not a function"
error: UNHANDLED REJECTION: : "TypeError: logger.requestInfo is not a function"
error: UNHANDLED REJECTION: : "TypeError: logger.requestInfo is not a function"
error: UNHANDLED REJECTION: : "TypeError: logger.requestInfo is not a function"
error: UNHANDLED REJECTION: : "TypeError: logger.requestInfo is not a function"
warn: {req.method}: {req.baseUrl}
warn: {req.method}: {req.baseUrl}
warn: {req.method}: {req.baseUrl}
warn: {req.method}: {req.baseUrl}
warn: {req.method}: {req.baseUrl}
warn: {req.method}: {req.baseUrl}
warn: {req.method}: {req.baseUrl}
warn: POST: /boards
warn: POST: /boards
warn: POST: /boards
warn: GET: /boards
warn: GET: /boards
warn: GET: /boards
warn: GET: /boards
warn: POST: /boards
warn: POST: /boards
warn: POST: /boards
warn: POST: /boards
warn: POST: /boards
warn: GET: /boards
warn: POST: /boards
warn: DELETE: /boards
warn: DELETE: /boards
warn: POST: /boards, [object Object], [object Object]
warn: POST: /boards, [object Object], [object Object]
warn: POST: /boards, [object Object], [object Object]
warn: GET: /boards, [object Object], [object Object]
warn: GET: /boards, [object Object], [object Object]
warn: GET: /boards, [object Object], [object Object]
warn: GET: /boards, [object Object], [object Object]
warn: POST: /boards, [object Object], [object Object]
warn: POST: /boards, [object Object], [object Object]
warn: POST: /boards, [object Object], [object Object]
warn: POST: /boards, [object Object], [object Object]
warn: POST: /boards, [object Object], [object Object]
warn: GET: /boards, [object Object], [object Object]
warn: POST: /boards, [object Object], [object Object]
warn: DELETE: /boards, [object Object], [object Object]
warn: DELETE: /boards, [object Object], [object Object]
warn: POST: /boards, [object Object], [object Object]
warn: POST: /boards, [object Object], [object Object]
warn: POST: /boards, [object Object], [object Object]
warn: GET: /boards, [object Object], [object Object]
warn: GET: /boards, [object Object], [object Object]
warn: GET: /boards, [object Object], [object Object]
warn: GET: /boards, [object Object], [object Object]
warn: POST: /boards, [object Object], [object Object]
warn: POST: /boards, [object Object], [object Object]
warn: POST: /boards, [object Object], [object Object]
warn: POST: /boards, [object Object], [object Object]
warn: GET: /boards, [object Object], [object Object]
warn: POST: /boards, [object Object], [object Object]
warn: DELETE: /boards, [object Object], [object Object]
warn: POST: /boards, [object Object], [object Object]
warn: DELETE: /boards, [object Object], [object Object]
warn: POST: /boards, {}, {"title":"Autotest board","columns":[{"title":"Backlog","order":1},{"title":"Sprint","order":2}]}
warn: POST: /boards, {}, {"title":"Autotest board","columns":[{"title":"Backlog","order":1},{"title":"Sprint","order":2}]}
warn: POST: /boards, {}, {"title":"Autotest board","columns":[{"title":"Backlog","order":1},{"title":"Sprint","order":2}]}
warn: GET: /boards, {}, {}
warn: GET: /boards, {}, {}
warn: GET: /boards, {}, {}
warn: GET: /boards, {}, {}
warn: POST: /boards, {}, {"title":"Autotest task","order":0,"description":"Lorem ipsum","userId":null,"boardId":null,"columnId":null}
warn: POST: /boards, {}, {"title":"Autotest board","columns":[{"title":"Backlog","order":1},{"title":"Sprint","order":2}]}
warn: POST: /boards, {}, {"title":"Autotest task","order":0,"description":"Lorem ipsum","userId":null,"boardId":null,"columnId":null}
warn: POST: /boards, {}, {"title":"Autotest board","columns":[{"title":"Backlog","order":1},{"title":"Sprint","order":2}]}
warn: POST: /boards, {}, {"title":"Autotest board","columns":[{"title":"Backlog","order":1},{"title":"Sprint","order":2}]}
warn: GET: /boards, {}, {}
warn: DELETE: /boards, {}, {}
warn: POST: /boards, {}, {"title":"Autotest board","columns":[{"title":"Backlog","order":1},{"title":"Sprint","order":2}]}
warn: DELETE: /boards, {}, {}
warn: POST: /boards/[object Object], {}, {"title":"Autotest board","columns":[{"title":"Backlog","order":1},{"title":"Sprint","order":2}]}
warn: POST: /boards/[object Object], {}, {"title":"Autotest board","columns":[{"title":"Backlog","order":1},{"title":"Sprint","order":2}]}
warn: POST: /boards/[object Object], {}, {"title":"Autotest board","columns":[{"title":"Backlog","order":1},{"title":"Sprint","order":2}]}
warn: GET: /boards/[object Object], {}, {}
warn: GET: /boards/[object Object], {}, {}
warn: GET: /boards/[object Object], {}, {}
warn: GET: /boards/[object Object], {}, {}
warn: POST: /boards/[object Object], {}, {"title":"Autotest task","order":0,"description":"Lorem ipsum","userId":null,"boardId":null,"columnId":null}
warn: POST: /boards/[object Object], {}, {"title":"Autotest board","columns":[{"title":"Backlog","order":1},{"title":"Sprint","order":2}]}
warn: POST: /boards/[object Object], {}, {"title":"Autotest task","order":0,"description":"Lorem ipsum","userId":null,"boardId":null,"columnId":null}
warn: POST: /boards/[object Object], {}, {"title":"Autotest board","columns":[{"title":"Backlog","order":1},{"title":"Sprint","order":2}]}
warn: GET: /boards/[object Object], {}, {}
warn: POST: /boards/[object Object], {}, {"title":"Autotest board","columns":[{"title":"Backlog","order":1},{"title":"Sprint","order":2}]}
warn: DELETE: /boards/[object Object], {}, {}
warn: POST: /boards/[object Object], {}, {"title":"Autotest board","columns":[{"title":"Backlog","order":1},{"title":"Sprint","order":2}]}
warn: DELETE: /boards/[object Object], {}, {}
warn: POST: /boards//, {}, {"title":"Autotest board","columns":[{"title":"Backlog","order":1},{"title":"Sprint","order":2}]}
warn: POST: /boards//, {}, {"title":"Autotest board","columns":[{"title":"Backlog","order":1},{"title":"Sprint","order":2}]}
warn: POST: /boards//, {}, {"title":"Autotest board","columns":[{"title":"Backlog","order":1},{"title":"Sprint","order":2}]}
warn: GET: /boards//undefined/tasks, {}, {}
warn: GET: /boards//, {}, {}
warn: GET: /boards//undefined/tasks, {}, {}
warn: GET: /boards//, {}, {}
warn: POST: /boards//undefined/tasks, {}, {"title":"Autotest task","order":0,"description":"Lorem ipsum","userId":null,"boardId":null,"columnId":null}
warn: POST: /boards//, {}, {"title":"Autotest board","columns":[{"title":"Backlog","order":1},{"title":"Sprint","order":2}]}
warn: POST: /boards//undefined/tasks, {}, {"title":"Autotest task","order":0,"description":"Lorem ipsum","userId":null,"boardId":null,"columnId":null}
warn: POST: /boards//, {}, {"title":"Autotest board","columns":[{"title":"Backlog","order":1},{"title":"Sprint","order":2}]}
warn: GET: /boards//undefined/tasks/undefined, {}, {}
warn: POST: /boards//, {}, {"title":"Autotest board","columns":[{"title":"Backlog","order":1},{"title":"Sprint","order":2}]}
warn: DELETE: /boards//undefined, {}, {}
warn: POST: /boards//, {}, {"title":"Autotest board","columns":[{"title":"Backlog","order":1},{"title":"Sprint","order":2}]}
warn: DELETE: /boards//undefined, {}, {}
warn: POST: /boards, {}, {"title":"Autotest board","columns":[{"title":"Backlog","order":1},{"title":"Sprint","order":2}]}
warn: POST: /boards, {}, {"title":"Autotest board","columns":[{"title":"Backlog","order":1},{"title":"Sprint","order":2}]}
warn: POST: /boards, {}, {"title":"Autotest board","columns":[{"title":"Backlog","order":1},{"title":"Sprint","order":2}]}
warn: GET: /boards/undefined/tasks, {}, {}
warn: GET: /boards, {}, {}
warn: GET: /boards/undefined/tasks, {}, {}
warn: GET: /boards, {}, {}
warn: POST: /boards/undefined/tasks, {}, {"title":"Autotest task","order":0,"description":"Lorem ipsum","userId":null,"boardId":null,"columnId":null}
warn: POST: /boards, {}, {"title":"Autotest board","columns":[{"title":"Backlog","order":1},{"title":"Sprint","order":2}]}
warn: POST: /boards/undefined/tasks, {}, {"title":"Autotest task","order":0,"description":"Lorem ipsum","userId":null,"boardId":null,"columnId":null}
warn: POST: /boards, {}, {"title":"Autotest board","columns":[{"title":"Backlog","order":1},{"title":"Sprint","order":2}]}
warn: GET: /boards/undefined/tasks/undefined, {}, {}
warn: POST: /boards, {}, {"title":"Autotest board","columns":[{"title":"Backlog","order":1},{"title":"Sprint","order":2}]}
warn: DELETE: /boards/undefined, {}, {}
warn: POST: /boards, {}, {"title":"Autotest board","columns":[{"title":"Backlog","order":1},{"title":"Sprint","order":2}]}
warn: DELETE: /boards/undefined, {}, {}
info: POST: /boards, {}, {"title":"Autotest board","columns":[{"title":"Backlog","order":1},{"title":"Sprint","order":2}]}
info: POST: /boards, {}, {"title":"Autotest board","columns":[{"title":"Backlog","order":1},{"title":"Sprint","order":2}]}
info: POST: /boards, {}, {"title":"Autotest board","columns":[{"title":"Backlog","order":1},{"title":"Sprint","order":2}]}
info: GET: /boards, {}, {}
info: GET: /boards/undefined/tasks, {}, {}
info: GET: /boards, {}, {}
info: GET: /boards/undefined/tasks, {}, {}
info: POST: /boards, {}, {"title":"Autotest board","columns":[{"title":"Backlog","order":1},{"title":"Sprint","order":2}]}
info: POST: /boards/undefined/tasks, {}, {"title":"Autotest task","order":0,"description":"Lorem ipsum","userId":null,"boardId":null,"columnId":null}
info: POST: /boards, {}, {"title":"Autotest board","columns":[{"title":"Backlog","order":1},{"title":"Sprint","order":2}]}
info: POST: /boards/undefined/tasks, {}, {"title":"Autotest task","order":0,"description":"Lorem ipsum","userId":null,"boardId":null,"columnId":null}
info: POST: /boards, {}, {"title":"Autotest board","columns":[{"title":"Backlog","order":1},{"title":"Sprint","order":2}]}
info: GET: /boards/undefined/tasks/undefined, {}, {}
info: POST: /boards, {}, {"title":"Autotest board","columns":[{"title":"Backlog","order":1},{"title":"Sprint","order":2}]}
info: DELETE: /boards/undefined, {}, {}
info: DELETE: /boards/undefined, {}, {}
